<?xml version="1.0" encoding="UTF-8"?>
<!-- Generated by org.testng.reporters.JUnitReportReporter -->
<testsuite hostname="salsas-MacBook-Air.local" failures="0" tests="6" name="runners.CucumberRunner" time="3.503" errors="0" timestamp="2025-06-28T09:11:50 WIB" skipped="0">
  <testcase classname="runners.CucumberRunner" name="runScenario" time="0.152"/>
  <testcase classname="runners.CucumberRunner" name="runScenario" time="0.304"/>
  <testcase classname="runners.CucumberRunner" name="runScenario" time="0.696"/>
  <testcase classname="runners.CucumberRunner" name="runScenario" time="1.548"/>
  <testcase classname="runners.CucumberRunner" name="runScenario" time="0.333"/>
  <testcase classname="runners.CucumberRunner" name="runScenario" time="0.470"/>
</testsuite> <!-- runners.CucumberRunner -->
